D:\francis\svn\biogui\pdbcircleplot\vc\Win32.Debug\cl.command.1.tlog
D:\francis\svn\biogui\pdbcircleplot\vc\Win32.Debug\CL.read.1.tlog
D:\francis\svn\biogui\pdbcircleplot\vc\Win32.Debug\CL.write.1.tlog
D:\FRANCIS\SVN\BIOGUI\PDBCIRCLEPLOT\VC\WIN32.DEBUG\DRAWCIRCLE.EXE
D:\FRANCIS\SVN\BIOGUI\PDBCIRCLEPLOT\VC\WIN32.DEBUG\DRAWCIRCLE.EXE.INTERMEDIATE.MANIFEST
D:\FRANCIS\SVN\BIOGUI\PDBCIRCLEPLOT\VC\WIN32.DEBUG\DRAWCIRCLE.ILK
D:\FRANCIS\SVN\BIOGUI\PDBCIRCLEPLOT\VC\WIN32.DEBUG\DRAWCIRCLE.OBJ
D:\FRANCIS\SVN\BIOGUI\PDBCIRCLEPLOT\VC\WIN32.DEBUG\DRAWCIRCLE.PDB
D:\FRANCIS\SVN\BIOGUI\PDBCIRCLEPLOT\VC\WIN32.DEBUG\GUI.EXE
D:\FRANCIS\SVN\BIOGUI\PDBCIRCLEPLOT\VC\WIN32.DEBUG\GUI.EXE.INTERMEDIATE.MANIFEST
D:\FRANCIS\SVN\BIOGUI\PDBCIRCLEPLOT\VC\WIN32.DEBUG\GUI.ILK
D:\FRANCIS\SVN\BIOGUI\PDBCIRCLEPLOT\VC\WIN32.DEBUG\GUI.OBJ
D:\FRANCIS\SVN\BIOGUI\PDBCIRCLEPLOT\VC\WIN32.DEBUG\GUI.PDB
D:\francis\svn\biogui\pdbcircleplot\vc\Win32.Debug\lib.command.1.tlog
D:\francis\svn\biogui\pdbcircleplot\vc\Win32.Debug\Lib-link.read.1.tlog
D:\francis\svn\biogui\pdbcircleplot\vc\Win32.Debug\Lib-link.write.1.tlog
D:\FRANCIS\SVN\BIOGUI\PDBCIRCLEPLOT\VC\WIN32.DEBUG\LIBPDB.LIB
D:\francis\svn\biogui\pdbcircleplot\vc\Win32.Debug\link.command.1.tlog
D:\francis\svn\biogui\pdbcircleplot\vc\Win32.Debug\link.read.1.tlog
D:\francis\svn\biogui\pdbcircleplot\vc\Win32.Debug\link.read.2.tlog
D:\francis\svn\biogui\pdbcircleplot\vc\Win32.Debug\link.write.1.tlog
D:\francis\svn\biogui\pdbcircleplot\vc\Win32.Debug\mt.command.1.tlog
D:\francis\svn\biogui\pdbcircleplot\vc\Win32.Debug\mt.read.1.tlog
D:\francis\svn\biogui\pdbcircleplot\vc\Win32.Debug\mt.write.1.tlog
D:\FRANCIS\SVN\BIOGUI\PDBCIRCLEPLOT\VC\WIN32.DEBUG\PARSEPDB.EXE
D:\FRANCIS\SVN\BIOGUI\PDBCIRCLEPLOT\VC\WIN32.DEBUG\PARSEPDB.EXE.INTERMEDIATE.MANIFEST
D:\FRANCIS\SVN\BIOGUI\PDBCIRCLEPLOT\VC\WIN32.DEBUG\PARSEPDB.ILK
D:\FRANCIS\SVN\BIOGUI\PDBCIRCLEPLOT\VC\WIN32.DEBUG\PARSEPDB.PDB
D:\FRANCIS\SVN\BIOGUI\PDBCIRCLEPLOT\VC\WIN32.DEBUG\PARSEPDB_TEST.OBJ
D:\FRANCIS\SVN\BIOGUI\PDBCIRCLEPLOT\VC\WIN32.DEBUG\PDBCLASS.OBJ
D:\FRANCIS\SVN\BIOGUI\PDBCIRCLEPLOT\VC\WIN32.DEBUG\PDBDRAWCIRCLE.OBJ
D:\francis\svn\biogui\pdbcircleplot\vc\Win32.Debug\vc100.idb
D:\FRANCIS\SVN\BIOGUI\PDBCIRCLEPLOT\VC\WIN32.DEBUG\VC100.PDB
