C:\Program Files (x86)\MSBuild\Microsoft.Cpp\v4.0\Microsoft.CppClean.targets(74,5): warning : The process cannot access the file 'D:\francis\svn\biogui\pdbcircleplot\vc\Win32.Debug\vc100.idb' because it is being used by another process.
C:\Program Files (x86)\MSBuild\Microsoft.Cpp\v4.0\Microsoft.CppClean.targets(74,5): warning : The process cannot access the file 'D:\FRANCIS\SVN\BIOGUI\PDBCIRCLEPLOT\VC\WIN32.DEBUG\VC100.PDB' because it is being used by another process.
  parsepdb_test.cc
d:\francis\svn\biogui\pdbcircleplot\extern\inc\ahmet\core\string.hh(14): warning C4996: 'sprintf': This function or variable may be unsafe. Consider using sprintf_s instead. To disable deprecation, use _CRT_SECURE_NO_WARNINGS. See online help for details.
          c:\program files (x86)\microsoft visual studio 10.0\vc\include\stdio.h(371) : see declaration of 'sprintf'
d:\francis\svn\biogui\pdbcircleplot\extern\inc\ahmet\core\io3.hh(40): warning C4996: 'strcpy': This function or variable may be unsafe. Consider using strcpy_s instead. To disable deprecation, use _CRT_SECURE_NO_WARNINGS. See online help for details.
          c:\program files (x86)\microsoft visual studio 10.0\vc\include\string.h(105) : see declaration of 'strcpy'
d:\francis\svn\biogui\pdbcircleplot\extern\inc\ahmet\bio\ptndb2.hh(51): warning C4996: 'strcpy': This function or variable may be unsafe. Consider using strcpy_s instead. To disable deprecation, use _CRT_SECURE_NO_WARNINGS. See online help for details.
          c:\program files (x86)\microsoft visual studio 10.0\vc\include\string.h(105) : see declaration of 'strcpy'
d:\francis\svn\biogui\pdbcircleplot\extern\inc\ahmet\bio\ptndb2.hh(52): warning C4996: 'strcpy': This function or variable may be unsafe. Consider using strcpy_s instead. To disable deprecation, use _CRT_SECURE_NO_WARNINGS. See online help for details.
          c:\program files (x86)\microsoft visual studio 10.0\vc\include\string.h(105) : see declaration of 'strcpy'
d:\francis\svn\biogui\pdbcircleplot\extern\inc\ahmet\bio\ptndb2.hh(53): warning C4996: 'strcpy': This function or variable may be unsafe. Consider using strcpy_s instead. To disable deprecation, use _CRT_SECURE_NO_WARNINGS. See online help for details.
          c:\program files (x86)\microsoft visual studio 10.0\vc\include\string.h(105) : see declaration of 'strcpy'
d:\francis\svn\biogui\pdbcircleplot\extern\inc\ahmet\bio\ptndb2.hh(54): warning C4996: 'strcpy': This function or variable may be unsafe. Consider using strcpy_s instead. To disable deprecation, use _CRT_SECURE_NO_WARNINGS. See online help for details.
          c:\program files (x86)\microsoft visual studio 10.0\vc\include\string.h(105) : see declaration of 'strcpy'
d:\francis\svn\biogui\pdbcircleplot\extern\inc\ahmet\bio\ptndb2.hh(84): warning C4996: 'strcpy': This function or variable may be unsafe. Consider using strcpy_s instead. To disable deprecation, use _CRT_SECURE_NO_WARNINGS. See online help for details.
          c:\program files (x86)\microsoft visual studio 10.0\vc\include\string.h(105) : see declaration of 'strcpy'
d:\francis\svn\biogui\pdbcircleplot\extern\inc\ahmet\bio\ptndb2.hh(90): warning C4996: 'strcpy': This function or variable may be unsafe. Consider using strcpy_s instead. To disable deprecation, use _CRT_SECURE_NO_WARNINGS. See online help for details.
          c:\program files (x86)\microsoft visual studio 10.0\vc\include\string.h(105) : see declaration of 'strcpy'
d:\francis\svn\biogui\pdbcircleplot\extern\inc\ahmet\bio\ptndb2.hh(94): warning C4996: 'strcpy': This function or variable may be unsafe. Consider using strcpy_s instead. To disable deprecation, use _CRT_SECURE_NO_WARNINGS. See online help for details.
          c:\program files (x86)\microsoft visual studio 10.0\vc\include\string.h(105) : see declaration of 'strcpy'
d:\francis\svn\biogui\pdbcircleplot\extern\inc\ahmet\bio\ptndb2.hh(97): warning C4996: 'strcpy': This function or variable may be unsafe. Consider using strcpy_s instead. To disable deprecation, use _CRT_SECURE_NO_WARNINGS. See online help for details.
          c:\program files (x86)\microsoft visual studio 10.0\vc\include\string.h(105) : see declaration of 'strcpy'
d:\francis\svn\biogui\pdbcircleplot\src\pdbcircleplotpdb.hh(30): warning C4018: '<' : signed/unsigned mismatch
d:\francis\svn\biogui\pdbcircleplot\src\pdbcircleplotpdb.hh(39): warning C4018: '<' : signed/unsigned mismatch
d:\francis\svn\biogui\pdbcircleplot\src\parsepdb_test.cc(30): warning C4018: '<' : signed/unsigned mismatch
parsepdb_test.obj : warning LNK4099: PDB 'vc100.pdb' was not found with 'parsepdb_test.obj' or at 'D:\francis\svn\biogui\pdbcircleplot\vc\Win32.Debug\vc100.pdb'; linking object as if no debug info
libcore.lib(geo.obj) : warning LNK4099: PDB 'vc100.pdb' was not found with 'libcore.lib(geo.obj)' or at 'D:\francis\svn\biogui\pdbcircleplot\vc\Win32.Debug\vc100.pdb'; linking object as if no debug info
libcore.lib(geo_kabsch_analytic.obj) : warning LNK4099: PDB 'vc100.pdb' was not found with 'libcore.lib(geo_kabsch_analytic.obj)' or at 'D:\francis\svn\biogui\pdbcircleplot\vc\Win32.Debug\vc100.pdb'; linking object as if no debug info
libcore.lib(io2.obj) : warning LNK4099: PDB 'vc100.pdb' was not found with 'libcore.lib(io2.obj)' or at 'D:\francis\svn\biogui\pdbcircleplot\vc\Win32.Debug\vc100.pdb'; linking object as if no debug info
libcore.lib(io3.obj) : warning LNK4099: PDB 'vc100.pdb' was not found with 'libcore.lib(io3.obj)' or at 'D:\francis\svn\biogui\pdbcircleplot\vc\Win32.Debug\vc100.pdb'; linking object as if no debug info
libcore.lib(lin.obj) : warning LNK4099: PDB 'vc100.pdb' was not found with 'libcore.lib(lin.obj)' or at 'D:\francis\svn\biogui\pdbcircleplot\vc\Win32.Debug\vc100.pdb'; linking object as if no debug info
libcore.lib(lin_eig_jacobi.obj) : warning LNK4099: PDB 'vc100.pdb' was not found with 'libcore.lib(lin_eig_jacobi.obj)' or at 'D:\francis\svn\biogui\pdbcircleplot\vc\Win32.Debug\vc100.pdb'; linking object as if no debug info
libcore.lib(lin_eig_jacobif4x4static.obj) : warning LNK4099: PDB 'vc100.pdb' was not found with 'libcore.lib(lin_eig_jacobif4x4static.obj)' or at 'D:\francis\svn\biogui\pdbcircleplot\vc\Win32.Debug\vc100.pdb'; linking object as if no debug info
libcore.lib(mat.obj) : warning LNK4099: PDB 'vc100.pdb' was not found with 'libcore.lib(mat.obj)' or at 'D:\francis\svn\biogui\pdbcircleplot\vc\Win32.Debug\vc100.pdb'; linking object as if no debug info
libcore.lib(mem.obj) : warning LNK4099: PDB 'vc100.pdb' was not found with 'libcore.lib(mem.obj)' or at 'D:\francis\svn\biogui\pdbcircleplot\vc\Win32.Debug\vc100.pdb'; linking object as if no debug info
libcore.lib(mmap.obj) : warning LNK4099: PDB 'vc100.pdb' was not found with 'libcore.lib(mmap.obj)' or at 'D:\francis\svn\biogui\pdbcircleplot\vc\Win32.Debug\vc100.pdb'; linking object as if no debug info
libcore.lib(mmap_vecvec.obj) : warning LNK4099: PDB 'vc100.pdb' was not found with 'libcore.lib(mmap_vecvec.obj)' or at 'D:\francis\svn\biogui\pdbcircleplot\vc\Win32.Debug\vc100.pdb'; linking object as if no debug info
libcore.lib(str.obj) : warning LNK4099: PDB 'vc100.pdb' was not found with 'libcore.lib(str.obj)' or at 'D:\francis\svn\biogui\pdbcircleplot\vc\Win32.Debug\vc100.pdb'; linking object as if no debug info
libcore.lib(string.obj) : warning LNK4099: PDB 'vc100.pdb' was not found with 'libcore.lib(string.obj)' or at 'D:\francis\svn\biogui\pdbcircleplot\vc\Win32.Debug\vc100.pdb'; linking object as if no debug info
libcore.lib(sys.obj) : warning LNK4099: PDB 'vc100.pdb' was not found with 'libcore.lib(sys.obj)' or at 'D:\francis\svn\biogui\pdbcircleplot\vc\Win32.Debug\vc100.pdb'; linking object as if no debug info
libcore.lib(syserr.obj) : warning LNK4099: PDB 'vc100.pdb' was not found with 'libcore.lib(syserr.obj)' or at 'D:\francis\svn\biogui\pdbcircleplot\vc\Win32.Debug\vc100.pdb'; linking object as if no debug info
libbio.lib(aa.obj) : warning LNK4099: PDB 'vc100.pdb' was not found with 'libbio.lib(aa.obj)' or at 'D:\francis\svn\biogui\pdbcircleplot\vc\Win32.Debug\vc100.pdb'; linking object as if no debug info
libbio.lib(ptndb.obj) : warning LNK4099: PDB 'vc100.pdb' was not found with 'libbio.lib(ptndb.obj)' or at 'D:\francis\svn\biogui\pdbcircleplot\vc\Win32.Debug\vc100.pdb'; linking object as if no debug info
libbio.lib(ptndb2.obj) : warning LNK4099: PDB 'vc100.pdb' was not found with 'libbio.lib(ptndb2.obj)' or at 'D:\francis\svn\biogui\pdbcircleplot\vc\Win32.Debug\vc100.pdb'; linking object as if no debug info
  parsepdb.vcxproj -> D:\francis\svn\biogui\pdbcircleplot\vc\Win32.Debug\parsepdb.exe
